23:22:10.728 [main                     ] DEBUG Logger               - Configured Logger
23:22:10.751 [main                     ] DEBUG GameApplication      - Logging settings
Title: 魔塔
Version: 0.1.0
Width: 704
Height: 704
Fullscreen: false
Intro: false
Profiling: false
Single step:false
App Mode: DEVELOPER
Menu Key: ESCAPE
Stage Style: DECORATED
Scene Factory: class com.almasb.fxgl.app.scene.SceneFactory

23:22:11.067 [JavaFX Application Thread] DEBUG FXGLApplication      - Initializing FXGL
23:22:11.072 [JavaFX Application Thread] INFO  Engine               - FXGL-17 (31.12.2021 18.16) on WINDOWS (J:17.0.4 FX:17.0.0.1)
23:22:11.072 [JavaFX Application Thread] DEBUG Engine               - JRE Vendor Name: Oracle Corporation
23:22:11.072 [JavaFX Application Thread] DEBUG Engine               - Running on OS: Windows 10 version 10.0
23:22:11.072 [JavaFX Application Thread] DEBUG Engine               - Architecture: amd64
23:22:11.072 [JavaFX Application Thread] INFO  Engine               - Source code and latest versions at: https://github.com/AlmasB/FXGL
23:22:11.072 [JavaFX Application Thread] INFO  Engine               -       Ask questions and discuss at: https://github.com/AlmasB/FXGL/discussions
23:22:11.073 [JavaFX Application Thread] INFO  Engine               -              Join the FXGL chat at: https://gitter.im/AlmasB/FXGL
23:22:11.160 [JavaFX Application Thread] DEBUG PrimaryStageWindow   - Creating a JavaFX scene
23:22:11.193 [JavaFX Application Thread] DEBUG PrimaryStageWindow   - Target settings size: 704.0 x 704.0
23:22:11.193 [JavaFX Application Thread] DEBUG PrimaryStageWindow   - Scaled scene size:    704.0 x 704.0
23:22:11.193 [JavaFX Application Thread] DEBUG PrimaryStageWindow   - Scaled ratio: (1.0, 1.0)
23:22:11.194 [JavaFX Application Thread] DEBUG PrimaryStageWindow   - Set initial scene to FXGLStartupScene
23:22:11.199 [JavaFX Application Thread] DEBUG PrimaryStageWindow   - Opening main window
23:22:11.279 [JavaFX Application Thread] DEBUG PrimaryStageWindow   - Window border size: (16.0, 39.0)
23:22:11.280 [JavaFX Application Thread] DEBUG PrimaryStageWindow   - Scaled size: 704.0 x 704.0
23:22:11.280 [JavaFX Application Thread] DEBUG PrimaryStageWindow   - Scaled ratio: (1.0, 1.0)
23:22:11.280 [JavaFX Application Thread] DEBUG PrimaryStageWindow   - Scene size: 704.0 x 704.0
23:22:11.280 [JavaFX Application Thread] DEBUG PrimaryStageWindow   - Stage size: 720.0 x 743.0
23:22:11.286 [FXGL Background Thread 1 ] DEBUG Engine               - Initializing environment variables
23:22:11.315 [FXGL Background Thread 1 ] DEBUG FXGLAssetLoaderServi - User app class for loading assets: class org.coooooding.MagicTower.MagicTowerApp
23:22:11.315 [FXGL Background Thread 1 ] DEBUG GameApplicationServi - Applying CSS: fxgl_dark.css
23:22:11.316 [FXGL Background Thread 1 ] DEBUG FXGLAssetLoaderServi - Loading from file system: jar:file:/H:/Env/apache-maven-3.8.6/localReposotory/com/github/almasb/fxgl/17/fxgl-17.jar!/fxglassets/ui/css/fxgl_dark.css
23:22:11.348 [FXGL Background Thread 1 ] DEBUG GameApplicationServi - Initializing application scenes
23:22:11.394 [FXGL Background Thread 1 ] DEBUG GameWorld            - Game world initialized
23:22:11.435 [FXGL Background Thread 1 ] DEBUG PhysicsWorld         - Physics world initialized: appHeight=704, physics.ppm=50.0
23:22:11.435 [FXGL Background Thread 1 ] DEBUG PhysicsWorld         - Using strategy: BRUTE_FORCE
23:22:11.438 [FXGL Background Thread 1 ] DEBUG GameScene            - Game scene initialized: 704x704
23:22:11.449 [FXGL Background Thread 1 ] WARN  FXGL.DefaultMenu     - FXGLDefaultMenu is not designed for resolutions < 800x600
23:22:11.449 [FXGL Background Thread 1 ] DEBUG FXGL.DefaultMenu     - createMenuBodyGameMenu()
23:22:11.465 [FXGL Background Thread 1 ] DEBUG FXGL.DefaultMenu     - createOptionsMenu()
23:22:11.474 [FXGL Background Thread 1 ] DEBUG FXGLAssetLoaderServi - Loading from file system: jar:file:/H:/Env/apache-maven-3.8.6/localReposotory/com/github/almasb/fxgl/17/fxgl-17.jar!/fxglassets/textures/particles/smoke.png
23:22:11.542 [FXGL Background Thread 1 ] DEBUG FXGLAssetLoaderServi - Loading from file system: jar:file:/H:/Env/apache-maven-3.8.6/localReposotory/com/github/almasb/fxgl/17/fxgl-17.jar!/fxglassets/textures/particles/trace_horizontal.png
23:22:11.564 [FXGL Background Thread 1 ] DEBUG GameApplicationServi - Application scenes initialized
23:22:11.573 [FXGL Background Thread 1 ] DEBUG SystemBundleService  - Loading FXGL system data
23:22:11.575 [FXGL Background Thread 1 ] DEBUG FileSystemAccess     - Reading from: H:\WorkSpace\IdeaWorkplace\MagicTower\system\fxgl.bundle
23:22:11.580 [FXGL Background Thread 1 ] DEBUG SystemBundleService  - Bundle FXGL: {}
23:22:11.580 [FXGL Background Thread 1 ] DEBUG UpdaterService       - Checking for updates
23:22:11.583 [FXGL Background Thread 4 ] DEBUG FXGLApplication      - Loading fonts
23:22:11.583 [FXGL Background Thread 1 ] DEBUG FXGLApplication      - Loading default localization
23:22:11.584 [FXGL Background Thread 4 ] DEBUG FXGLAssetLoaderServi - Loading from file system: jar:file:/H:/Env/apache-maven-3.8.6/localReposotory/com/github/almasb/fxgl/17/fxgl-17.jar!/fxglassets/ui/fonts/VarelaRound-Regular.ttf
23:22:11.584 [FXGL Background Thread 1 ] DEBUG FXGLAssetLoaderServi - Loading from file system: jar:file:/H:/Env/apache-maven-3.8.6/localReposotory/com/github/almasb/fxgl/17/fxgl-17.jar!/fxglassets/languages/english.lang
23:22:11.611 [FXGL Background Thread 1 ] INFO  FXGLApplication      - FXGL initialization took: 0.325 sec
23:22:11.622 [JavaFX Application Thread] DEBUG Input                - Registered new binding: action0 - Up
23:22:11.623 [JavaFX Application Thread] DEBUG Input                - Registered new binding: action1 - Down
23:22:11.623 [JavaFX Application Thread] DEBUG Input                - Registered new binding: action2 - Left
23:22:11.624 [JavaFX Application Thread] DEBUG Input                - Registered new binding: action3 - Right
23:22:11.624 [JavaFX Application Thread] DEBUG FXGLAssetLoaderServi - Loading from file system: jar:file:/H:/Env/apache-maven-3.8.6/localReposotory/com/github/almasb/fxgl/17/fxgl-17.jar!/fxglassets/textures/fxgl_icon.png
23:22:11.647 [JavaFX Application Thread] DEBUG FXGLAssetLoaderServi - Loading from file system: jar:file:/H:/Env/apache-maven-3.8.6/localReposotory/com/github/almasb/fxgl/17/fxgl-17.jar!/fxglassets/textures/fxgl_default_cursor.png
23:22:11.651 [JavaFX Application Thread] DEBUG Input                - Registered new binding: Screenshot - CTRL+8
23:22:11.652 [JavaFX Application Thread] DEBUG Input                - Registered new binding: System info dump - CTRL+9
23:22:11.653 [JavaFX Application Thread] DEBUG Input                - Registered new binding: Restart - CTRL+R
23:22:11.654 [JavaFX Application Thread] DEBUG Input                - Registered new binding: Toggle Debug Camera - CTRL+7
23:22:11.659 [JavaFX Application Thread] DEBUG LoopRunner           - Starting loop
23:22:11.659 [JavaFX Application Thread] DEBUG LoopRunner           - Initializing JavaFX AnimationTimerLoop
23:22:11.662 [JavaFX Application Thread] DEBUG GameApplicationServi - Starting new game
23:22:11.663 [JavaFX Application Thread] DEBUG Input                - Clearing active input actions
23:22:11.669 [FXGL Background Thread 4 ] DEBUG FXGLAssetLoaderServi - Loading from file system: jar:file:/H:/Env/apache-maven-3.8.6/localReposotory/com/github/almasb/fxgl/17/fxgl-17.jar!/fxglassets/ui/fonts/Abel-Regular.ttf
23:22:11.674 [JavaFX Application Thread] DEBUG GameApplicationServi - Removing overlay from FXGLStartupScene and adding to FXGLLoadingScene
23:22:11.674 [JavaFX Application Thread] DEBUG PrimaryStageWindow   - FXGLStartupScene -> FXGLLoadingScene
23:22:11.674 [JavaFX Application Thread] DEBUG GameApplicationServi - Clearing previous game
23:22:11.674 [JavaFX Application Thread] DEBUG GameScene            - Clearing game scene
23:22:11.674 [JavaFX Application Thread] DEBUG GameWorld            - Clearing game world
23:22:11.674 [JavaFX Application Thread] DEBUG PhysicsWorld         - Clearing physics world
23:22:11.677 [FXGL Background Thread 1 ] DEBUG FXGLApplication      - Initializing game
23:22:11.678 [FXGL Background Thread 4 ] DEBUG FXGLAssetLoaderServi - Loading from file system: jar:file:/H:/Env/apache-maven-3.8.6/localReposotory/com/github/almasb/fxgl/17/fxgl-17.jar!/fxglassets/ui/fonts/TerminalLandMono-Regular.otf
23:22:11.686 [FXGL Background Thread 4 ] DEBUG FXGLAssetLoaderServi - Loading from file system: jar:file:/H:/Env/apache-maven-3.8.6/localReposotory/com/github/almasb/fxgl/17/fxgl-17.jar!/fxglassets/ui/fonts/Courier-Prime.ttf
23:22:11.720 [JavaFX Application Thread] DEBUG FXGLApplication      - Registering font factories with UI factory
23:22:11.739 [FXGL Background Thread 1 ] DEBUG TMXLevelLoader       - Parsed TiledMap: file:/H:/WorkSpace/IdeaWorkplace/MagicTower/target/classes/assets/levels/tmx/level1.tmx
23:22:11.741 [FXGL Background Thread 1 ] DEBUG TMXLevelLoader       - Creating tile layer entities
23:22:11.743 [FXGL Background Thread 1 ] DEBUG TilesetLoader        - Loading view for layer floor
23:22:11.744 [FXGL Background Thread 1 ] DEBUG TilesetLoader        - Created buffer with size 704.0x704.0
23:22:11.748 [FXGL Background Thread 1 ] DEBUG TMXLevelLoader       - Creating object layer entities
23:22:11.749 [FXGL Background Thread 1 ] DEBUG FXGLAssetLoaderServi - Loading from file system: file:/H:/WorkSpace/IdeaWorkplace/MagicTower/target/classes/assets/textures/enemy/skeletonSoldier.png
23:22:11.797 [FXGL Background Thread 1 ] DEBUG GameWorld            - Clearing removable entities
23:22:11.797 [FXGL Background Thread 1 ] DEBUG GameWorld            - Setting level: com.almasb.fxgl.entity.level.Level@468f0dcd
23:22:11.802 [FXGL Background Thread 1 ] DEBUG FXGLAssetLoaderServi - Loading from file system: file:/H:/WorkSpace/IdeaWorkplace/MagicTower/target/classes/assets/textures/hero_left.png
23:22:11.803 [FXGL Background Thread 1 ] DEBUG FXGLAssetLoaderServi - Loading from file system: file:/H:/WorkSpace/IdeaWorkplace/MagicTower/target/classes/assets/textures/hero_right.png
23:22:11.804 [FXGL Background Thread 1 ] DEBUG FXGLAssetLoaderServi - Loading from file system: file:/H:/WorkSpace/IdeaWorkplace/MagicTower/target/classes/assets/textures/hero_up.png
23:22:11.806 [FXGL Background Thread 1 ] DEBUG FXGLAssetLoaderServi - Loading from file system: file:/H:/WorkSpace/IdeaWorkplace/MagicTower/target/classes/assets/textures/hero_down.png
23:22:11.817 [FXGL Background Thread 1 ] INFO  FXGLApplication      - Game initialization took: 0.140 sec
23:22:11.825 [JavaFX Application Thread] DEBUG Input                - Clearing active input actions
23:22:11.832 [JavaFX Application Thread] DEBUG GameApplicationServi - Removing overlay from FXGLLoadingScene and adding to GameScene
23:22:11.832 [JavaFX Application Thread] DEBUG PrimaryStageWindow   - FXGLLoadingScene -> GameScene
23:22:13.133 [JavaFX Application Thread] DEBUG TMXLevelLoader       - Parsed TiledMap: file:/H:/WorkSpace/IdeaWorkplace/MagicTower/target/classes/assets/levels/tmx/level2.tmx
23:22:13.133 [JavaFX Application Thread] DEBUG TMXLevelLoader       - Creating tile layer entities
23:22:13.133 [JavaFX Application Thread] DEBUG TilesetLoader        - Loading view for layer floor
23:22:13.134 [JavaFX Application Thread] DEBUG TilesetLoader        - Created buffer with size 704.0x704.0
23:22:13.136 [JavaFX Application Thread] DEBUG TMXLevelLoader       - Creating object layer entities
23:22:13.156 [JavaFX Application Thread] DEBUG GameWorld            - Clearing removable entities
23:22:13.156 [JavaFX Application Thread] DEBUG GameWorld            - Setting level: com.almasb.fxgl.entity.level.Level@61da48c0
23:22:14.583 [FXGL Background Thread 3 ] DEBUG Engine               - Logging environment variables
23:22:14.583 [FXGL Background Thread 3 ] DEBUG Engine               - achievements: []
23:22:14.583 [FXGL Background Thread 3 ] DEBUG Engine               - actualHeight: 704.0
23:22:14.583 [FXGL Background Thread 3 ] DEBUG Engine               - actualHeightProperty: ReadOnlyDoubleProperty [value: 704.0]
23:22:14.583 [FXGL Background Thread 3 ] DEBUG Engine               - actualWidth: 704.0
23:22:14.583 [FXGL Background Thread 3 ] DEBUG Engine               - actualWidthProperty: ReadOnlyDoubleProperty [value: 704.0]
23:22:14.583 [FXGL Background Thread 3 ] DEBUG Engine               - appIcon: fxgl_icon.png
23:22:14.583 [FXGL Background Thread 3 ] DEBUG Engine               - applicationMode: DEVELOPER
23:22:14.583 [FXGL Background Thread 3 ] DEBUG Engine               - cSSList: [fxgl_dark.css]
23:22:14.583 [FXGL Background Thread 3 ] DEBUG Engine               - collisionDetectionStrategy: BRUTE_FORCE
23:22:14.583 [FXGL Background Thread 3 ] DEBUG Engine               - configClass: Optional.empty
23:22:14.584 [FXGL Background Thread 3 ] DEBUG Engine               - credits: []
23:22:14.584 [FXGL Background Thread 3 ] DEBUG Engine               - defaultCursor: CursorInfo(imageName=fxgl_default_cursor.png, hotspotX=7.0, hotspotY=6.0)
23:22:14.584 [FXGL Background Thread 3 ] DEBUG Engine               - devBBoxColorProperty: ObjectProperty [value: 0xff0000ff]
23:22:14.584 [FXGL Background Thread 3 ] DEBUG Engine               - devEnableDebugCameraProperty: BooleanProperty [value: false]
23:22:14.584 [FXGL Background Thread 3 ] DEBUG Engine               - devSensorColorProperty: ObjectProperty [value: 0xffff00ff]
23:22:14.584 [FXGL Background Thread 3 ] DEBUG Engine               - devShowBBoxProperty: BooleanProperty [value: false]
23:22:14.584 [FXGL Background Thread 3 ] DEBUG Engine               - devShowPositionProperty: BooleanProperty [value: false]
23:22:14.584 [FXGL Background Thread 3 ] DEBUG Engine               - enabledMenuItems: []
23:22:14.584 [FXGL Background Thread 3 ] DEBUG Engine               - engineServices: [class com.almasb.fxgl.app.services.FXGLAssetLoaderService, class com.almasb.fxgl.app.FXGLApplication$GameApplicationService, class com.almasb.fxgl.app.services.FXGLDialogService, class com.almasb.fxgl.app.services.IOTaskExecutorService, class com.almasb.fxgl.io.FileSystemService, class com.almasb.fxgl.localization.LocalizationService, class com.almasb.fxgl.app.services.SystemBundleService, class com.almasb.fxgl.profile.SaveLoadService, class com.almasb.fxgl.ui.FXGLUIFactoryServiceProvider, class com.almasb.fxgl.ui.FXGLDialogFactoryServiceProvider, class com.almasb.fxgl.audio.AudioPlayer, class com.almasb.fxgl.notification.impl.NotificationServiceProvider, class com.almasb.fxgl.achievement.AchievementService, class com.almasb.fxgl.cutscene.CutsceneService, class com.almasb.fxgl.minigames.MiniGameService, class com.almasb.fxgl.net.NetService, class com.almasb.fxgl.app.services.UpdaterService, class com.almasb.fxgl.dev.DevService]
23:22:14.584 [FXGL Background Thread 3 ] DEBUG Engine               - fontGame: Abel-Regular.ttf
23:22:14.584 [FXGL Background Thread 3 ] DEBUG Engine               - fontMono: TerminalLandMono-Regular.otf
23:22:14.584 [FXGL Background Thread 3 ] DEBUG Engine               - fontText: Courier-Prime.ttf
23:22:14.584 [FXGL Background Thread 3 ] DEBUG Engine               - fontUI: VarelaRound-Regular.ttf
23:22:14.584 [FXGL Background Thread 3 ] DEBUG Engine               - fullScreen: BooleanProperty [value: false]
23:22:14.584 [FXGL Background Thread 3 ] DEBUG Engine               - gameDifficulty: MEDIUM
23:22:14.584 [FXGL Background Thread 3 ] DEBUG Engine               - gameDifficultyProperty: ObjectProperty [value: MEDIUM]
23:22:14.584 [FXGL Background Thread 3 ] DEBUG Engine               - globalMusicVolume: 0.5
23:22:14.585 [FXGL Background Thread 3 ] DEBUG Engine               - globalMusicVolumeProperty: DoubleProperty [value: 0.5]
23:22:14.585 [FXGL Background Thread 3 ] DEBUG Engine               - globalSoundVolume: 0.5
23:22:14.585 [FXGL Background Thread 3 ] DEBUG Engine               - globalSoundVolumeProperty: DoubleProperty [value: 0.5]
23:22:14.585 [FXGL Background Thread 3 ] DEBUG Engine               - height: 704
23:22:14.585 [FXGL Background Thread 3 ] DEBUG Engine               - is3D: false
23:22:14.585 [FXGL Background Thread 3 ] DEBUG Engine               - isAndroid: false
23:22:14.585 [FXGL Background Thread 3 ] DEBUG Engine               - isBrowser: false
23:22:14.585 [FXGL Background Thread 3 ] DEBUG Engine               - isClickFeedbackEnabled: false
23:22:14.585 [FXGL Background Thread 3 ] DEBUG Engine               - isCloseConfirmation: false
23:22:14.585 [FXGL Background Thread 3 ] DEBUG Engine               - isDesktop: true
23:22:14.585 [FXGL Background Thread 3 ] DEBUG Engine               - isDeveloperMenuEnabled: false
23:22:14.585 [FXGL Background Thread 3 ] DEBUG Engine               - isEmbedded: false
23:22:14.585 [FXGL Background Thread 3 ] DEBUG Engine               - isEntityPreloadEnabled: true
23:22:14.585 [FXGL Background Thread 3 ] DEBUG Engine               - isExperimentalTiledLargeMap: false
23:22:14.585 [FXGL Background Thread 3 ] DEBUG Engine               - isFileSystemWriteAllowed: true
23:22:14.585 [FXGL Background Thread 3 ] DEBUG Engine               - isFullScreenAllowed: false
23:22:14.585 [FXGL Background Thread 3 ] DEBUG Engine               - isFullScreenFromStart: false
23:22:14.585 [FXGL Background Thread 3 ] DEBUG Engine               - isGameMenuEnabled: true
23:22:14.585 [FXGL Background Thread 3 ] DEBUG Engine               - isIOS: false
23:22:14.585 [FXGL Background Thread 3 ] DEBUG Engine               - isIntroEnabled: false
23:22:14.585 [FXGL Background Thread 3 ] DEBUG Engine               - isLinux: false
23:22:14.585 [FXGL Background Thread 3 ] DEBUG Engine               - isMac: false
23:22:14.585 [FXGL Background Thread 3 ] DEBUG Engine               - isMainMenuEnabled: false
23:22:14.585 [FXGL Background Thread 3 ] DEBUG Engine               - isManualResizeEnabled: false
23:22:14.585 [FXGL Background Thread 3 ] DEBUG Engine               - isMobile: false
23:22:14.585 [FXGL Background Thread 3 ] DEBUG Engine               - isNative: false
23:22:14.585 [FXGL Background Thread 3 ] DEBUG Engine               - isPauseMusicWhenMinimized: true
23:22:14.585 [FXGL Background Thread 3 ] DEBUG Engine               - isPreserveResizeRatio: false
23:22:14.585 [FXGL Background Thread 3 ] DEBUG Engine               - isProfilingEnabled: false
23:22:14.586 [FXGL Background Thread 3 ] DEBUG Engine               - isScaleAffectedOnResize: true
23:22:14.586 [FXGL Background Thread 3 ] DEBUG Engine               - isSingleStep: false
23:22:14.586 [FXGL Background Thread 3 ] DEBUG Engine               - isUserProfileEnabled: false
23:22:14.586 [FXGL Background Thread 3 ] DEBUG Engine               - isWindows: true
23:22:14.586 [FXGL Background Thread 3 ] DEBUG Engine               - language: ObjectProperty [value: ENGLISH]
23:22:14.586 [FXGL Background Thread 3 ] DEBUG Engine               - menuKey: ESCAPE
23:22:14.586 [FXGL Background Thread 3 ] DEBUG Engine               - mouseSensitivity: 0.2
23:22:14.586 [FXGL Background Thread 3 ] DEBUG Engine               - notificationViewClass: class com.almasb.fxgl.notification.view.XboxNotificationView
23:22:14.586 [FXGL Background Thread 3 ] DEBUG Engine               - pixelsPerMeter: 50.0
23:22:14.586 [FXGL Background Thread 3 ] DEBUG Engine               - platform: WINDOWS
23:22:14.586 [FXGL Background Thread 3 ] DEBUG Engine               - prefHeightProperty: ReadOnlyDoubleProperty [value: 704.0]
23:22:14.586 [FXGL Background Thread 3 ] DEBUG Engine               - prefWidthProperty: ReadOnlyDoubleProperty [value: 704.0]
23:22:14.586 [FXGL Background Thread 3 ] DEBUG Engine               - profileDir: profiles/
23:22:14.586 [FXGL Background Thread 3 ] DEBUG Engine               - profileName: StringProperty [value: DEFAULT]
23:22:14.586 [FXGL Background Thread 3 ] DEBUG Engine               - randomSeed: -1
23:22:14.586 [FXGL Background Thread 3 ] DEBUG Engine               - runtimeInfo: RuntimeInfo(platform=WINDOWS, version=17, build=31.12.2021 18.16)
23:22:14.586 [FXGL Background Thread 3 ] DEBUG Engine               - saveFileExt: sav
23:22:14.586 [FXGL Background Thread 3 ] DEBUG Engine               - scaledHeightProp$fxgl: DoubleProperty [bound, value: 704.0]
23:22:14.586 [FXGL Background Thread 3 ] DEBUG Engine               - scaledWidthProp$fxgl: DoubleProperty [bound, value: 704.0]
23:22:14.586 [FXGL Background Thread 3 ] DEBUG Engine               - sceneFactory: com.almasb.fxgl.app.scene.SceneFactory@177411dd
23:22:14.586 [FXGL Background Thread 3 ] DEBUG Engine               - secondsIn24h: 60
23:22:14.586 [FXGL Background Thread 3 ] DEBUG Engine               - soundMenuBack: menu/back.wav
23:22:14.586 [FXGL Background Thread 3 ] DEBUG Engine               - soundMenuPress: menu/press.wav
23:22:14.586 [FXGL Background Thread 3 ] DEBUG Engine               - soundMenuSelect: menu/select.wav
23:22:14.587 [FXGL Background Thread 3 ] DEBUG Engine               - soundNotification: core/notification.wav
23:22:14.587 [FXGL Background Thread 3 ] DEBUG Engine               - stageStyle: DECORATED
23:22:14.587 [FXGL Background Thread 3 ] DEBUG Engine               - supportedLanguages: [ENGLISH, FRENCH, GERMAN, HUNGARIAN, RUSSIAN]
23:22:14.587 [FXGL Background Thread 3 ] DEBUG Engine               - ticksPerSecond: -1
23:22:14.587 [FXGL Background Thread 3 ] DEBUG Engine               - title: 魔塔
23:22:14.587 [FXGL Background Thread 3 ] DEBUG Engine               - urlGithub: https://github.com/AlmasB/FXGL
23:22:14.587 [FXGL Background Thread 3 ] DEBUG Engine               - urlLeaderboard: http://fxgl-top.herokuapp.com/
23:22:14.587 [FXGL Background Thread 3 ] DEBUG Engine               - urlPOM: https://raw.githubusercontent.com/AlmasB/FXGL/release/README.md
23:22:14.587 [FXGL Background Thread 3 ] DEBUG Engine               - userAppClass: class org.coooooding.MagicTower.MagicTowerApp
23:22:14.587 [FXGL Background Thread 3 ] DEBUG Engine               - version: 0.1.0
23:22:14.587 [FXGL Background Thread 3 ] DEBUG Engine               - versionCheckDays: 7
23:22:14.587 [FXGL Background Thread 3 ] DEBUG Engine               - width: 704
23:22:14.587 [FXGL Background Thread 3 ] DEBUG Engine               - Logging services
23:22:14.587 [FXGL Background Thread 3 ] DEBUG Engine               - class com.almasb.fxgl.app.services.FXGLAssetLoaderService
23:22:14.587 [FXGL Background Thread 3 ] DEBUG Engine               - class com.almasb.fxgl.app.FXGLApplication$GameApplicationService
23:22:14.587 [FXGL Background Thread 3 ] DEBUG Engine               - class com.almasb.fxgl.app.services.FXGLDialogService
23:22:14.587 [FXGL Background Thread 3 ] DEBUG Engine               - class com.almasb.fxgl.app.services.IOTaskExecutorService
23:22:14.587 [FXGL Background Thread 3 ] DEBUG Engine               - class com.almasb.fxgl.io.FileSystemService
23:22:14.587 [FXGL Background Thread 3 ] DEBUG Engine               - class com.almasb.fxgl.localization.LocalizationService
23:22:14.587 [FXGL Background Thread 3 ] DEBUG Engine               - class com.almasb.fxgl.app.services.SystemBundleService
23:22:14.587 [FXGL Background Thread 3 ] DEBUG Engine               - class com.almasb.fxgl.profile.SaveLoadService
23:22:14.587 [FXGL Background Thread 3 ] DEBUG Engine               - class com.almasb.fxgl.ui.FXGLUIFactoryServiceProvider
23:22:14.587 [FXGL Background Thread 3 ] DEBUG Engine               - class com.almasb.fxgl.ui.FXGLDialogFactoryServiceProvider
23:22:14.587 [FXGL Background Thread 3 ] DEBUG Engine               - class com.almasb.fxgl.audio.AudioPlayer
23:22:14.587 [FXGL Background Thread 3 ] DEBUG Engine               - class com.almasb.fxgl.notification.impl.NotificationServiceProvider
23:22:14.587 [FXGL Background Thread 3 ] DEBUG Engine               - class com.almasb.fxgl.achievement.AchievementService
23:22:14.587 [FXGL Background Thread 3 ] DEBUG Engine               - class com.almasb.fxgl.cutscene.CutsceneService
23:22:14.587 [FXGL Background Thread 3 ] DEBUG Engine               - class com.almasb.fxgl.minigames.MiniGameService
23:22:14.587 [FXGL Background Thread 3 ] DEBUG Engine               - class com.almasb.fxgl.net.NetService
23:22:14.587 [FXGL Background Thread 3 ] DEBUG Engine               - class com.almasb.fxgl.app.services.UpdaterService
23:22:14.587 [FXGL Background Thread 3 ] DEBUG Engine               - class com.almasb.fxgl.dev.DevService
23:22:31.441 [JavaFX Application Thread] DEBUG FXGLApplication      - Exiting FXGL
23:22:31.441 [JavaFX Application Thread] DEBUG LoopRunner           - Stopping loop
23:22:31.441 [JavaFX Application Thread] DEBUG SystemBundleService  - Saving FXGL system data
23:22:31.442 [JavaFX Application Thread] DEBUG FileSystemAccess     - Writing to: H:\WorkSpace\IdeaWorkplace\MagicTower\system\fxgl.bundle
23:22:31.444 [JavaFX Application Thread] DEBUG Async                - Shutting down background threads
23:22:31.444 [JavaFX Application Thread] DEBUG PrimaryStageWindow   - Closing main window
23:22:31.451 [JavaFX Application Thread] DEBUG Logger               - Closing Logger
