23:38:33.587 [main                     ] DEBUG Logger               - Configured Logger
23:38:33.610 [main                     ] DEBUG GameApplication      - Logging settings
Title: 魔塔
Version: 0.1.0
Width: 704
Height: 704
Fullscreen: false
Intro: false
Profiling: false
Single step:false
App Mode: DEVELOPER
Menu Key: ESCAPE
Stage Style: DECORATED
Scene Factory: class com.almasb.fxgl.app.scene.SceneFactory

23:38:33.934 [JavaFX Application Thread] DEBUG FXGLApplication      - Initializing FXGL
23:38:33.938 [JavaFX Application Thread] INFO  Engine               - FXGL-17 (31.12.2021 18.16) on WINDOWS (J:17.0.4 FX:17.0.0.1)
23:38:33.939 [JavaFX Application Thread] DEBUG Engine               - JRE Vendor Name: Oracle Corporation
23:38:33.939 [JavaFX Application Thread] DEBUG Engine               - Running on OS: Windows 10 version 10.0
23:38:33.939 [JavaFX Application Thread] DEBUG Engine               - Architecture: amd64
23:38:33.939 [JavaFX Application Thread] INFO  Engine               - Source code and latest versions at: https://github.com/AlmasB/FXGL
23:38:33.939 [JavaFX Application Thread] INFO  Engine               -       Ask questions and discuss at: https://github.com/AlmasB/FXGL/discussions
23:38:33.939 [JavaFX Application Thread] INFO  Engine               -              Join the FXGL chat at: https://gitter.im/AlmasB/FXGL
23:38:34.024 [JavaFX Application Thread] DEBUG PrimaryStageWindow   - Creating a JavaFX scene
23:38:34.056 [JavaFX Application Thread] DEBUG PrimaryStageWindow   - Target settings size: 704.0 x 704.0
23:38:34.057 [JavaFX Application Thread] DEBUG PrimaryStageWindow   - Scaled scene size:    704.0 x 704.0
23:38:34.057 [JavaFX Application Thread] DEBUG PrimaryStageWindow   - Scaled ratio: (1.0, 1.0)
23:38:34.057 [JavaFX Application Thread] DEBUG PrimaryStageWindow   - Set initial scene to FXGLStartupScene
23:38:34.063 [JavaFX Application Thread] DEBUG PrimaryStageWindow   - Opening main window
23:38:34.140 [JavaFX Application Thread] DEBUG PrimaryStageWindow   - Window border size: (16.0, 39.0)
23:38:34.141 [JavaFX Application Thread] DEBUG PrimaryStageWindow   - Scaled size: 704.0 x 704.0
23:38:34.141 [JavaFX Application Thread] DEBUG PrimaryStageWindow   - Scaled ratio: (1.0, 1.0)
23:38:34.141 [JavaFX Application Thread] DEBUG PrimaryStageWindow   - Scene size: 704.0 x 704.0
23:38:34.141 [JavaFX Application Thread] DEBUG PrimaryStageWindow   - Stage size: 720.0 x 743.0
23:38:34.147 [FXGL Background Thread 1 ] DEBUG Engine               - Initializing environment variables
23:38:34.174 [FXGL Background Thread 1 ] DEBUG FXGLAssetLoaderServi - User app class for loading assets: class org.coooooding.MagicTower.MagicTowerApp
23:38:34.175 [FXGL Background Thread 1 ] DEBUG GameApplicationServi - Applying CSS: fxgl_dark.css
23:38:34.175 [FXGL Background Thread 1 ] DEBUG FXGLAssetLoaderServi - Loading from file system: jar:file:/H:/Env/apache-maven-3.8.6/localReposotory/com/github/almasb/fxgl/17/fxgl-17.jar!/fxglassets/ui/css/fxgl_dark.css
23:38:34.205 [FXGL Background Thread 1 ] DEBUG GameApplicationServi - Initializing application scenes
23:38:34.252 [FXGL Background Thread 1 ] DEBUG GameWorld            - Game world initialized
23:38:34.293 [FXGL Background Thread 1 ] DEBUG PhysicsWorld         - Physics world initialized: appHeight=704, physics.ppm=50.0
23:38:34.294 [FXGL Background Thread 1 ] DEBUG PhysicsWorld         - Using strategy: BRUTE_FORCE
23:38:34.297 [FXGL Background Thread 1 ] DEBUG GameScene            - Game scene initialized: 704x704
23:38:34.307 [FXGL Background Thread 1 ] WARN  FXGL.DefaultMenu     - FXGLDefaultMenu is not designed for resolutions < 800x600
23:38:34.307 [FXGL Background Thread 1 ] DEBUG FXGL.DefaultMenu     - createMenuBodyGameMenu()
23:38:34.319 [FXGL Background Thread 1 ] DEBUG FXGL.DefaultMenu     - createOptionsMenu()
23:38:34.328 [FXGL Background Thread 1 ] DEBUG FXGLAssetLoaderServi - Loading from file system: jar:file:/H:/Env/apache-maven-3.8.6/localReposotory/com/github/almasb/fxgl/17/fxgl-17.jar!/fxglassets/textures/particles/smoke.png
23:38:34.401 [FXGL Background Thread 1 ] DEBUG FXGLAssetLoaderServi - Loading from file system: jar:file:/H:/Env/apache-maven-3.8.6/localReposotory/com/github/almasb/fxgl/17/fxgl-17.jar!/fxglassets/textures/particles/trace_horizontal.png
23:38:34.427 [FXGL Background Thread 1 ] DEBUG GameApplicationServi - Application scenes initialized
23:38:34.437 [FXGL Background Thread 1 ] DEBUG SystemBundleService  - Loading FXGL system data
23:38:34.440 [FXGL Background Thread 1 ] DEBUG FileSystemAccess     - Reading from: H:\WorkSpace\IdeaWorkplace\MagicTower\system\fxgl.bundle
23:38:34.444 [FXGL Background Thread 1 ] DEBUG SystemBundleService  - Bundle FXGL: {}
23:38:34.445 [FXGL Background Thread 1 ] DEBUG UpdaterService       - Checking for updates
23:38:34.448 [FXGL Background Thread 4 ] DEBUG FXGLApplication      - Loading fonts
23:38:34.448 [FXGL Background Thread 4 ] DEBUG FXGLAssetLoaderServi - Loading from file system: jar:file:/H:/Env/apache-maven-3.8.6/localReposotory/com/github/almasb/fxgl/17/fxgl-17.jar!/fxglassets/ui/fonts/VarelaRound-Regular.ttf
23:38:34.448 [FXGL Background Thread 1 ] DEBUG FXGLApplication      - Loading default localization
23:38:34.449 [FXGL Background Thread 1 ] DEBUG FXGLAssetLoaderServi - Loading from file system: jar:file:/H:/Env/apache-maven-3.8.6/localReposotory/com/github/almasb/fxgl/17/fxgl-17.jar!/fxglassets/languages/english.lang
23:38:34.480 [FXGL Background Thread 1 ] INFO  FXGLApplication      - FXGL initialization took: 0.334 sec
23:38:34.492 [JavaFX Application Thread] DEBUG Input                - Registered new binding: action0 - Up
23:38:34.492 [JavaFX Application Thread] DEBUG Input                - Registered new binding: action1 - Down
23:38:34.493 [JavaFX Application Thread] DEBUG Input                - Registered new binding: action2 - Left
23:38:34.493 [JavaFX Application Thread] DEBUG Input                - Registered new binding: action3 - Right
23:38:34.494 [JavaFX Application Thread] DEBUG FXGLAssetLoaderServi - Loading from file system: jar:file:/H:/Env/apache-maven-3.8.6/localReposotory/com/github/almasb/fxgl/17/fxgl-17.jar!/fxglassets/textures/fxgl_icon.png
23:38:34.524 [JavaFX Application Thread] DEBUG FXGLAssetLoaderServi - Loading from file system: jar:file:/H:/Env/apache-maven-3.8.6/localReposotory/com/github/almasb/fxgl/17/fxgl-17.jar!/fxglassets/textures/fxgl_default_cursor.png
23:38:34.527 [JavaFX Application Thread] DEBUG Input                - Registered new binding: Screenshot - CTRL+8
23:38:34.528 [JavaFX Application Thread] DEBUG Input                - Registered new binding: System info dump - CTRL+9
23:38:34.529 [JavaFX Application Thread] DEBUG Input                - Registered new binding: Restart - CTRL+R
23:38:34.531 [JavaFX Application Thread] DEBUG Input                - Registered new binding: Toggle Debug Camera - CTRL+7
23:38:34.535 [JavaFX Application Thread] DEBUG LoopRunner           - Starting loop
23:38:34.535 [JavaFX Application Thread] DEBUG LoopRunner           - Initializing JavaFX AnimationTimerLoop
23:38:34.539 [JavaFX Application Thread] DEBUG GameApplicationServi - Starting new game
23:38:34.539 [JavaFX Application Thread] DEBUG Input                - Clearing active input actions
23:38:34.541 [FXGL Background Thread 4 ] DEBUG FXGLAssetLoaderServi - Loading from file system: jar:file:/H:/Env/apache-maven-3.8.6/localReposotory/com/github/almasb/fxgl/17/fxgl-17.jar!/fxglassets/ui/fonts/Abel-Regular.ttf
23:38:34.550 [FXGL Background Thread 4 ] DEBUG FXGLAssetLoaderServi - Loading from file system: jar:file:/H:/Env/apache-maven-3.8.6/localReposotory/com/github/almasb/fxgl/17/fxgl-17.jar!/fxglassets/ui/fonts/TerminalLandMono-Regular.otf
23:38:34.551 [JavaFX Application Thread] DEBUG GameApplicationServi - Removing overlay from FXGLStartupScene and adding to FXGLLoadingScene
23:38:34.551 [JavaFX Application Thread] DEBUG PrimaryStageWindow   - FXGLStartupScene -> FXGLLoadingScene
23:38:34.551 [JavaFX Application Thread] DEBUG GameApplicationServi - Clearing previous game
23:38:34.551 [JavaFX Application Thread] DEBUG GameScene            - Clearing game scene
23:38:34.551 [JavaFX Application Thread] DEBUG GameWorld            - Clearing game world
23:38:34.551 [JavaFX Application Thread] DEBUG PhysicsWorld         - Clearing physics world
23:38:34.554 [FXGL Background Thread 1 ] DEBUG FXGLApplication      - Initializing game
23:38:34.559 [FXGL Background Thread 4 ] DEBUG FXGLAssetLoaderServi - Loading from file system: jar:file:/H:/Env/apache-maven-3.8.6/localReposotory/com/github/almasb/fxgl/17/fxgl-17.jar!/fxglassets/ui/fonts/Courier-Prime.ttf
23:38:34.600 [JavaFX Application Thread] DEBUG FXGLApplication      - Registering font factories with UI factory
23:38:34.610 [FXGL Background Thread 1 ] DEBUG TMXLevelLoader       - Parsed TiledMap: file:/H:/WorkSpace/IdeaWorkplace/MagicTower/target/classes/assets/levels/tmx/level1.tmx
23:38:34.611 [FXGL Background Thread 1 ] DEBUG TMXLevelLoader       - Creating tile layer entities
23:38:34.613 [FXGL Background Thread 1 ] DEBUG TilesetLoader        - Loading view for layer floor
23:38:34.613 [FXGL Background Thread 1 ] DEBUG TilesetLoader        - Created buffer with size 704.0x704.0
23:38:34.617 [FXGL Background Thread 1 ] DEBUG TMXLevelLoader       - Creating object layer entities
23:38:34.618 [FXGL Background Thread 1 ] DEBUG FXGLAssetLoaderServi - Loading from file system: file:/H:/WorkSpace/IdeaWorkplace/MagicTower/target/classes/assets/textures/enemy/skeletonSoldier.png
23:38:34.666 [FXGL Background Thread 1 ] DEBUG GameWorld            - Clearing removable entities
23:38:34.667 [FXGL Background Thread 1 ] DEBUG GameWorld            - Setting level: com.almasb.fxgl.entity.level.Level@6893b10d
23:38:34.673 [FXGL Background Thread 1 ] DEBUG FXGLAssetLoaderServi - Loading from file system: file:/H:/WorkSpace/IdeaWorkplace/MagicTower/target/classes/assets/textures/hero_left.png
23:38:34.675 [FXGL Background Thread 1 ] DEBUG FXGLAssetLoaderServi - Loading from file system: file:/H:/WorkSpace/IdeaWorkplace/MagicTower/target/classes/assets/textures/hero_right.png
23:38:34.676 [FXGL Background Thread 1 ] DEBUG FXGLAssetLoaderServi - Loading from file system: file:/H:/WorkSpace/IdeaWorkplace/MagicTower/target/classes/assets/textures/hero_up.png
23:38:34.678 [FXGL Background Thread 1 ] DEBUG FXGLAssetLoaderServi - Loading from file system: file:/H:/WorkSpace/IdeaWorkplace/MagicTower/target/classes/assets/textures/hero_down.png
23:38:34.683 [FXGL Background Thread 1 ] INFO  FXGLApplication      - Game initialization took: 0.128 sec
23:38:34.684 [JavaFX Application Thread] DEBUG Input                - Clearing active input actions
23:38:34.691 [JavaFX Application Thread] DEBUG GameApplicationServi - Removing overlay from FXGLLoadingScene and adding to GameScene
23:38:34.691 [JavaFX Application Thread] DEBUG PrimaryStageWindow   - FXGLLoadingScene -> GameScene
23:38:35.727 [JavaFX Application Thread] DEBUG TMXLevelLoader       - Parsed TiledMap: file:/H:/WorkSpace/IdeaWorkplace/MagicTower/target/classes/assets/levels/tmx/level2.tmx
23:38:35.727 [JavaFX Application Thread] DEBUG TMXLevelLoader       - Creating tile layer entities
23:38:35.727 [JavaFX Application Thread] DEBUG TilesetLoader        - Loading view for layer floor
23:38:35.728 [JavaFX Application Thread] DEBUG TilesetLoader        - Created buffer with size 704.0x704.0
23:38:35.729 [JavaFX Application Thread] DEBUG TMXLevelLoader       - Creating object layer entities
23:38:35.750 [JavaFX Application Thread] DEBUG GameWorld            - Clearing removable entities
23:38:35.754 [JavaFX Application Thread] DEBUG GameWorld            - Setting level: com.almasb.fxgl.entity.level.Level@23c781ac
23:38:37.448 [FXGL Background Thread 3 ] DEBUG Engine               - Logging environment variables
23:38:37.448 [FXGL Background Thread 3 ] DEBUG Engine               - achievements: []
23:38:37.448 [FXGL Background Thread 3 ] DEBUG Engine               - actualHeight: 704.0
23:38:37.448 [FXGL Background Thread 3 ] DEBUG Engine               - actualHeightProperty: ReadOnlyDoubleProperty [value: 704.0]
23:38:37.448 [FXGL Background Thread 3 ] DEBUG Engine               - actualWidth: 704.0
23:38:37.448 [FXGL Background Thread 3 ] DEBUG Engine               - actualWidthProperty: ReadOnlyDoubleProperty [value: 704.0]
23:38:37.448 [FXGL Background Thread 3 ] DEBUG Engine               - appIcon: fxgl_icon.png
23:38:37.448 [FXGL Background Thread 3 ] DEBUG Engine               - applicationMode: DEVELOPER
23:38:37.449 [FXGL Background Thread 3 ] DEBUG Engine               - cSSList: [fxgl_dark.css]
23:38:37.449 [FXGL Background Thread 3 ] DEBUG Engine               - collisionDetectionStrategy: BRUTE_FORCE
23:38:37.449 [FXGL Background Thread 3 ] DEBUG Engine               - configClass: Optional.empty
23:38:37.449 [FXGL Background Thread 3 ] DEBUG Engine               - credits: []
23:38:37.449 [FXGL Background Thread 3 ] DEBUG Engine               - defaultCursor: CursorInfo(imageName=fxgl_default_cursor.png, hotspotX=7.0, hotspotY=6.0)
23:38:37.449 [FXGL Background Thread 3 ] DEBUG Engine               - devBBoxColorProperty: ObjectProperty [value: 0xff0000ff]
23:38:37.449 [FXGL Background Thread 3 ] DEBUG Engine               - devEnableDebugCameraProperty: BooleanProperty [value: false]
23:38:37.449 [FXGL Background Thread 3 ] DEBUG Engine               - devSensorColorProperty: ObjectProperty [value: 0xffff00ff]
23:38:37.449 [FXGL Background Thread 3 ] DEBUG Engine               - devShowBBoxProperty: BooleanProperty [value: false]
23:38:37.449 [FXGL Background Thread 3 ] DEBUG Engine               - devShowPositionProperty: BooleanProperty [value: false]
23:38:37.449 [FXGL Background Thread 3 ] DEBUG Engine               - enabledMenuItems: []
23:38:37.449 [FXGL Background Thread 3 ] DEBUG Engine               - engineServices: [class com.almasb.fxgl.app.services.FXGLAssetLoaderService, class com.almasb.fxgl.app.FXGLApplication$GameApplicationService, class com.almasb.fxgl.app.services.FXGLDialogService, class com.almasb.fxgl.app.services.IOTaskExecutorService, class com.almasb.fxgl.io.FileSystemService, class com.almasb.fxgl.localization.LocalizationService, class com.almasb.fxgl.app.services.SystemBundleService, class com.almasb.fxgl.profile.SaveLoadService, class com.almasb.fxgl.ui.FXGLUIFactoryServiceProvider, class com.almasb.fxgl.ui.FXGLDialogFactoryServiceProvider, class com.almasb.fxgl.audio.AudioPlayer, class com.almasb.fxgl.notification.impl.NotificationServiceProvider, class com.almasb.fxgl.achievement.AchievementService, class com.almasb.fxgl.cutscene.CutsceneService, class com.almasb.fxgl.minigames.MiniGameService, class com.almasb.fxgl.net.NetService, class com.almasb.fxgl.app.services.UpdaterService, class com.almasb.fxgl.dev.DevService]
23:38:37.449 [FXGL Background Thread 3 ] DEBUG Engine               - fontGame: Abel-Regular.ttf
23:38:37.449 [FXGL Background Thread 3 ] DEBUG Engine               - fontMono: TerminalLandMono-Regular.otf
23:38:37.449 [FXGL Background Thread 3 ] DEBUG Engine               - fontText: Courier-Prime.ttf
23:38:37.449 [FXGL Background Thread 3 ] DEBUG Engine               - fontUI: VarelaRound-Regular.ttf
23:38:37.449 [FXGL Background Thread 3 ] DEBUG Engine               - fullScreen: BooleanProperty [value: false]
23:38:37.449 [FXGL Background Thread 3 ] DEBUG Engine               - gameDifficulty: MEDIUM
23:38:37.450 [FXGL Background Thread 3 ] DEBUG Engine               - gameDifficultyProperty: ObjectProperty [value: MEDIUM]
23:38:37.450 [FXGL Background Thread 3 ] DEBUG Engine               - globalMusicVolume: 0.5
23:38:37.450 [FXGL Background Thread 3 ] DEBUG Engine               - globalMusicVolumeProperty: DoubleProperty [value: 0.5]
23:38:37.450 [FXGL Background Thread 3 ] DEBUG Engine               - globalSoundVolume: 0.5
23:38:37.450 [FXGL Background Thread 3 ] DEBUG Engine               - globalSoundVolumeProperty: DoubleProperty [value: 0.5]
23:38:37.450 [FXGL Background Thread 3 ] DEBUG Engine               - height: 704
23:38:37.450 [FXGL Background Thread 3 ] DEBUG Engine               - is3D: false
23:38:37.450 [FXGL Background Thread 3 ] DEBUG Engine               - isAndroid: false
23:38:37.450 [FXGL Background Thread 3 ] DEBUG Engine               - isBrowser: false
23:38:37.450 [FXGL Background Thread 3 ] DEBUG Engine               - isClickFeedbackEnabled: false
23:38:37.450 [FXGL Background Thread 3 ] DEBUG Engine               - isCloseConfirmation: false
23:38:37.450 [FXGL Background Thread 3 ] DEBUG Engine               - isDesktop: true
23:38:37.450 [FXGL Background Thread 3 ] DEBUG Engine               - isDeveloperMenuEnabled: false
23:38:37.450 [FXGL Background Thread 3 ] DEBUG Engine               - isEmbedded: false
23:38:37.450 [FXGL Background Thread 3 ] DEBUG Engine               - isEntityPreloadEnabled: true
23:38:37.450 [FXGL Background Thread 3 ] DEBUG Engine               - isExperimentalTiledLargeMap: false
23:38:37.450 [FXGL Background Thread 3 ] DEBUG Engine               - isFileSystemWriteAllowed: true
23:38:37.450 [FXGL Background Thread 3 ] DEBUG Engine               - isFullScreenAllowed: false
23:38:37.450 [FXGL Background Thread 3 ] DEBUG Engine               - isFullScreenFromStart: false
23:38:37.450 [FXGL Background Thread 3 ] DEBUG Engine               - isGameMenuEnabled: true
23:38:37.450 [FXGL Background Thread 3 ] DEBUG Engine               - isIOS: false
23:38:37.450 [FXGL Background Thread 3 ] DEBUG Engine               - isIntroEnabled: false
23:38:37.450 [FXGL Background Thread 3 ] DEBUG Engine               - isLinux: false
23:38:37.450 [FXGL Background Thread 3 ] DEBUG Engine               - isMac: false
23:38:37.450 [FXGL Background Thread 3 ] DEBUG Engine               - isMainMenuEnabled: false
23:38:37.450 [FXGL Background Thread 3 ] DEBUG Engine               - isManualResizeEnabled: false
23:38:37.450 [FXGL Background Thread 3 ] DEBUG Engine               - isMobile: false
23:38:37.450 [FXGL Background Thread 3 ] DEBUG Engine               - isNative: false
23:38:37.450 [FXGL Background Thread 3 ] DEBUG Engine               - isPauseMusicWhenMinimized: true
23:38:37.450 [FXGL Background Thread 3 ] DEBUG Engine               - isPreserveResizeRatio: false
23:38:37.451 [FXGL Background Thread 3 ] DEBUG Engine               - isProfilingEnabled: false
23:38:37.451 [FXGL Background Thread 3 ] DEBUG Engine               - isScaleAffectedOnResize: true
23:38:37.451 [FXGL Background Thread 3 ] DEBUG Engine               - isSingleStep: false
23:38:37.451 [FXGL Background Thread 3 ] DEBUG Engine               - isUserProfileEnabled: false
23:38:37.451 [FXGL Background Thread 3 ] DEBUG Engine               - isWindows: true
23:38:37.451 [FXGL Background Thread 3 ] DEBUG Engine               - language: ObjectProperty [value: ENGLISH]
23:38:37.451 [FXGL Background Thread 3 ] DEBUG Engine               - menuKey: ESCAPE
23:38:37.451 [FXGL Background Thread 3 ] DEBUG Engine               - mouseSensitivity: 0.2
23:38:37.451 [FXGL Background Thread 3 ] DEBUG Engine               - notificationViewClass: class com.almasb.fxgl.notification.view.XboxNotificationView
23:38:37.451 [FXGL Background Thread 3 ] DEBUG Engine               - pixelsPerMeter: 50.0
23:38:37.451 [FXGL Background Thread 3 ] DEBUG Engine               - platform: WINDOWS
23:38:37.451 [FXGL Background Thread 3 ] DEBUG Engine               - prefHeightProperty: ReadOnlyDoubleProperty [value: 704.0]
23:38:37.451 [FXGL Background Thread 3 ] DEBUG Engine               - prefWidthProperty: ReadOnlyDoubleProperty [value: 704.0]
23:38:37.451 [FXGL Background Thread 3 ] DEBUG Engine               - profileDir: profiles/
23:38:37.451 [FXGL Background Thread 3 ] DEBUG Engine               - profileName: StringProperty [value: DEFAULT]
23:38:37.451 [FXGL Background Thread 3 ] DEBUG Engine               - randomSeed: -1
23:38:37.451 [FXGL Background Thread 3 ] DEBUG Engine               - runtimeInfo: RuntimeInfo(platform=WINDOWS, version=17, build=31.12.2021 18.16)
23:38:37.451 [FXGL Background Thread 3 ] DEBUG Engine               - saveFileExt: sav
23:38:37.451 [FXGL Background Thread 3 ] DEBUG Engine               - scaledHeightProp$fxgl: DoubleProperty [bound, value: 704.0]
23:38:37.451 [FXGL Background Thread 3 ] DEBUG Engine               - scaledWidthProp$fxgl: DoubleProperty [bound, value: 704.0]
23:38:37.451 [FXGL Background Thread 3 ] DEBUG Engine               - sceneFactory: com.almasb.fxgl.app.scene.SceneFactory@222c254e
23:38:37.451 [FXGL Background Thread 3 ] DEBUG Engine               - secondsIn24h: 60
23:38:37.451 [FXGL Background Thread 3 ] DEBUG Engine               - soundMenuBack: menu/back.wav
23:38:37.451 [FXGL Background Thread 3 ] DEBUG Engine               - soundMenuPress: menu/press.wav
23:38:37.451 [FXGL Background Thread 3 ] DEBUG Engine               - soundMenuSelect: menu/select.wav
23:38:37.452 [FXGL Background Thread 3 ] DEBUG Engine               - soundNotification: core/notification.wav
23:38:37.452 [FXGL Background Thread 3 ] DEBUG Engine               - stageStyle: DECORATED
23:38:37.452 [FXGL Background Thread 3 ] DEBUG Engine               - supportedLanguages: [ENGLISH, FRENCH, GERMAN, HUNGARIAN, RUSSIAN]
23:38:37.452 [FXGL Background Thread 3 ] DEBUG Engine               - ticksPerSecond: -1
23:38:37.452 [FXGL Background Thread 3 ] DEBUG Engine               - title: 魔塔
23:38:37.452 [FXGL Background Thread 3 ] DEBUG Engine               - urlGithub: https://github.com/AlmasB/FXGL
23:38:37.452 [FXGL Background Thread 3 ] DEBUG Engine               - urlLeaderboard: http://fxgl-top.herokuapp.com/
23:38:37.452 [FXGL Background Thread 3 ] DEBUG Engine               - urlPOM: https://raw.githubusercontent.com/AlmasB/FXGL/release/README.md
23:38:37.452 [FXGL Background Thread 3 ] DEBUG Engine               - userAppClass: class org.coooooding.MagicTower.MagicTowerApp
23:38:37.452 [FXGL Background Thread 3 ] DEBUG Engine               - version: 0.1.0
23:38:37.452 [FXGL Background Thread 3 ] DEBUG Engine               - versionCheckDays: 7
23:38:37.452 [FXGL Background Thread 3 ] DEBUG Engine               - width: 704
23:38:37.452 [FXGL Background Thread 3 ] DEBUG Engine               - Logging services
23:38:37.452 [FXGL Background Thread 3 ] DEBUG Engine               - class com.almasb.fxgl.app.services.FXGLAssetLoaderService
23:38:37.452 [FXGL Background Thread 3 ] DEBUG Engine               - class com.almasb.fxgl.app.FXGLApplication$GameApplicationService
23:38:37.452 [FXGL Background Thread 3 ] DEBUG Engine               - class com.almasb.fxgl.app.services.FXGLDialogService
23:38:37.452 [FXGL Background Thread 3 ] DEBUG Engine               - class com.almasb.fxgl.app.services.IOTaskExecutorService
23:38:37.452 [FXGL Background Thread 3 ] DEBUG Engine               - class com.almasb.fxgl.io.FileSystemService
23:38:37.452 [FXGL Background Thread 3 ] DEBUG Engine               - class com.almasb.fxgl.localization.LocalizationService
23:38:37.452 [FXGL Background Thread 3 ] DEBUG Engine               - class com.almasb.fxgl.app.services.SystemBundleService
23:38:37.452 [FXGL Background Thread 3 ] DEBUG Engine               - class com.almasb.fxgl.profile.SaveLoadService
23:38:37.452 [FXGL Background Thread 3 ] DEBUG Engine               - class com.almasb.fxgl.ui.FXGLUIFactoryServiceProvider
23:38:37.452 [FXGL Background Thread 3 ] DEBUG Engine               - class com.almasb.fxgl.ui.FXGLDialogFactoryServiceProvider
23:38:37.452 [FXGL Background Thread 3 ] DEBUG Engine               - class com.almasb.fxgl.audio.AudioPlayer
23:38:37.452 [FXGL Background Thread 3 ] DEBUG Engine               - class com.almasb.fxgl.notification.impl.NotificationServiceProvider
23:38:37.452 [FXGL Background Thread 3 ] DEBUG Engine               - class com.almasb.fxgl.achievement.AchievementService
23:38:37.452 [FXGL Background Thread 3 ] DEBUG Engine               - class com.almasb.fxgl.cutscene.CutsceneService
23:38:37.452 [FXGL Background Thread 3 ] DEBUG Engine               - class com.almasb.fxgl.minigames.MiniGameService
23:38:37.452 [FXGL Background Thread 3 ] DEBUG Engine               - class com.almasb.fxgl.net.NetService
23:38:37.452 [FXGL Background Thread 3 ] DEBUG Engine               - class com.almasb.fxgl.app.services.UpdaterService
23:38:37.452 [FXGL Background Thread 3 ] DEBUG Engine               - class com.almasb.fxgl.dev.DevService
23:38:45.045 [JavaFX Application Thread] DEBUG FXGLAssetLoaderServi - Loading from file system: file:/H:/WorkSpace/IdeaWorkplace/MagicTower/target/classes/assets/sounds/fight.wav
23:38:52.161 [JavaFX Application Thread] DEBUG FXGLApplication      - Exiting FXGL
23:38:52.161 [JavaFX Application Thread] DEBUG LoopRunner           - Stopping loop
23:38:52.161 [JavaFX Application Thread] DEBUG SystemBundleService  - Saving FXGL system data
23:38:52.162 [JavaFX Application Thread] DEBUG FileSystemAccess     - Writing to: H:\WorkSpace\IdeaWorkplace\MagicTower\system\fxgl.bundle
23:38:52.163 [JavaFX Application Thread] DEBUG Async                - Shutting down background threads
23:38:52.164 [JavaFX Application Thread] DEBUG PrimaryStageWindow   - Closing main window
23:38:52.170 [JavaFX Application Thread] DEBUG Logger               - Closing Logger
